<?xml version="1.0" encoding="UTF-8"?>
<testng-results skipped="0" failed="0" total="1" passed="1">
  <reporter-output>
  </reporter-output>
  <suite name="Default suite" duration-ms="28224" started-at="2020-06-19T10:21:17Z" finished-at="2020-06-19T10:21:45Z">
    <groups>
    </groups>
    <test name="Default test" duration-ms="28224" started-at="2020-06-19T10:21:17Z" finished-at="2020-06-19T10:21:45Z">
      <class name="com.TestNGFrameWork.Assignment4_NewToursLogin">
        <test-method status="PASS" signature="setUp()[pri:0, instance:com.TestNGFrameWork.Assignment4_NewToursLogin@14acaea5]" name="setUp" is-config="true" duration-ms="8299" started-at="2020-06-19T19:51:17Z" finished-at="2020-06-19T19:51:26Z">
          <reporter-output>
          </reporter-output>
        </test-method> <!-- setUp -->
        <test-method status="PASS" signature="newToursLogin()[pri:0, instance:com.TestNGFrameWork.Assignment4_NewToursLogin@14acaea5]" name="newToursLogin" duration-ms="19905" started-at="2020-06-19T19:51:26Z" finished-at="2020-06-19T19:51:45Z">
          <reporter-output>
          </reporter-output>
        </test-method> <!-- newToursLogin -->
      </class> <!-- com.TestNGFrameWork.Assignment4_NewToursLogin -->
    </test> <!-- Default test -->
  </suite> <!-- Default suite -->
</testng-results>
